<?xml version="1.0" encoding="UTF-8"?>
<testng-results ignored="0" total="1" passed="1" failed="0" skipped="0">
  <reporter-output>
  </reporter-output>
  <suite started-at="2024-06-01T10:02:15 IST" name="Default suite" finished-at="2024-06-01T10:02:27 IST" duration-ms="11914">
    <groups>
    </groups>
    <test started-at="2024-06-01T10:02:15 IST" name="Default test" finished-at="2024-06-01T10:02:27 IST" duration-ms="11914">
      <class name="regression.ValidateLoginUsingKeywordDriven">
        <test-method is-config="true" signature="filesUp()[pri:0, instance:regression.ValidateLoginUsingKeywordDriven@2d901eb0]" started-at="2024-06-01T10:02:15 IST" name="filesUp" finished-at="2024-06-01T10:02:15 IST" duration-ms="31" status="PASS">
          <reporter-output>
          </reporter-output>
        </test-method> <!-- filesUp -->
        <test-method signature="ValidateLoginTest()[pri:0, instance:regression.ValidateLoginUsingKeywordDriven@2d901eb0]" started-at="2024-06-01T10:02:15 IST" name="ValidateLoginTest" finished-at="2024-06-01T10:02:27 IST" duration-ms="11780" status="PASS">
          <reporter-output>
          </reporter-output>
        </test-method> <!-- ValidateLoginTest -->
      </class> <!-- regression.ValidateLoginUsingKeywordDriven -->
    </test> <!-- Default test -->
  </suite> <!-- Default suite -->
</testng-results>
